

Version:	3.14
CmdLine:	C:\Users\12242\eclipse-workspace\game-jam\4 bit frenzy.exe --l4j-debug
WOW64:		yes
Working dir:	C:\Users\12242\eclipse-workspace\game-jam\.
Java min ver:	
Java max ver:	
Bundled JRE(s):	jre
Check launcher:	C:\Users\12242\eclipse-workspace\game-jam\jre\bin\javaw.exe (OK)
Launcher:	C:\Users\12242\eclipse-workspace\game-jam\jre\bin\javaw.exe
Launcher args:	-jar "C:\Users\12242\eclipse-workspace\game-jam\4 bit frenzy.exe"
Args length:	65/32768 chars
Exit code:	0


Version:	3.14
CmdLine:	C:\Users\12242\eclipse-workspace\game-jam\4 bit frenzy.exe --l4j-debug
WOW64:		yes
Working dir:	C:\Users\12242\eclipse-workspace\game-jam\.
Java min ver:	
Java max ver:	
Bundled JRE(s):	\jre
Check launcher:	\jre\bin\javaw.exe (not found)
Error msg:	This application requires a Java Runtime Environment.


Version:	3.14
CmdLine:	C:\Users\12242\eclipse-workspace\game-jam\4 bit frenzy.exe --l4j-debug
WOW64:		yes
Working dir:	C:\Users\12242\eclipse-workspace\game-jam\.
Java min ver:	1.013.000_001
Java max ver:	1.013.000_002
64-bit search:	SOFTWARE\JavaSoft\Java Runtime Environment...
32-bit search:	SOFTWARE\JavaSoft\Java Runtime Environment...
Check:		SOFTWARE\JavaSoft\Java Runtime Environment\1.8
Ignore:		1.008.000
Check:		SOFTWARE\JavaSoft\Java Runtime Environment\1.8.0_271
Ignore:		1.008.000_271
64-bit search:	SOFTWARE\JavaSoft\Java Development Kit...
32-bit search:	SOFTWARE\JavaSoft\Java Development Kit...
64-bit search:	SOFTWARE\JavaSoft\JRE...
32-bit search:	SOFTWARE\JavaSoft\JRE...
64-bit search:	SOFTWARE\JavaSoft\JDK...
Check:		SOFTWARE\JavaSoft\JDK\13.0.1
Check launcher:	C:\Program Files\Java\jdk-13.0.1\bin\javaw.exe (OK)
Match:		1.013.000_001
Runtime used:	1.013.000_001 (64-bit)
Launcher:	C:\Program Files\Java\jdk-13.0.1\bin\javaw.exe
Launcher args:	-jar "C:\Users\12242\eclipse-workspace\game-jam\4 bit frenzy.exe"
Args length:	65/32768 chars
Exit code:	0


Version:	3.14
CmdLine:	C:\Users\12242\eclipse-workspace\game-jam\4 bit frenzy.exe --l4j-debug
WOW64:		yes
Working dir:	C:\Users\12242\eclipse-workspace\game-jam\.
Java min ver:	1.013.000_001
Java max ver:	
64-bit search:	SOFTWARE\JavaSoft\Java Runtime Environment...
32-bit search:	SOFTWARE\JavaSoft\Java Runtime Environment...
Check:		SOFTWARE\JavaSoft\Java Runtime Environment\1.8
Ignore:		1.008.000
Check:		SOFTWARE\JavaSoft\Java Runtime Environment\1.8.0_271
Ignore:		1.008.000_271
64-bit search:	SOFTWARE\JavaSoft\Java Development Kit...
32-bit search:	SOFTWARE\JavaSoft\Java Development Kit...
64-bit search:	SOFTWARE\JavaSoft\JRE...
32-bit search:	SOFTWARE\JavaSoft\JRE...
64-bit search:	SOFTWARE\JavaSoft\JDK...
Check:		SOFTWARE\JavaSoft\JDK\13.0.1
Check launcher:	C:\Program Files\Java\jdk-13.0.1\bin\javaw.exe (OK)
Match:		1.013.000_001
Runtime used:	1.013.000_001 (64-bit)
Launcher:	C:\Program Files\Java\jdk-13.0.1\bin\javaw.exe
Launcher args:	-jar "C:\Users\12242\eclipse-workspace\game-jam\4 bit frenzy.exe"
Args length:	65/32768 chars
Exit code:	0
